<?xml version="1.0" encoding="UTF-8"?>
<!-- Generated by org.testng.reporters.JUnitReportReporter -->
<testsuite hostname="EPINHYDW0886" failures="0" tests="2" name="cucumber.TestNGFramework.DataProviderTest" time="0.010" errors="0" timestamp="2021-04-08T14:19:45 IST" skipped="0">
  <testcase classname="cucumber.TestNGFramework.DataProviderTest" name="verifyData1" time="0.008"/>
  <system-out/>
  <testcase classname="cucumber.TestNGFramework.DataProviderTest" name="verifyData1" time="0.002"/>
  <system-out/>
</testsuite> <!-- cucumber.TestNGFramework.DataProviderTest -->
