<?xml version="1.0" encoding="UTF-8"?>
<!-- Generated by org.testng.reporters.JUnitReportReporter -->
<testsuite hostname="EPINHYDW0886" failures="0" tests="2" name="cucumber.TestNGFramework.AppTest" time="0.008" errors="0" timestamp="2021-04-08T14:08:08 IST" skipped="0">
  <testcase classname="cucumber.TestNGFramework.AppTest" name="testMethod1" time="0.007"/>
  <system-out/>
  <testcase classname="cucumber.TestNGFramework.AppTest" name="testMethod2" time="0.001"/>
  <system-out/>
</testsuite> <!-- cucumber.TestNGFramework.AppTest -->
